<?xml version="1.0" encoding="UTF-8"?>
<testng-results skipped="0" failed="0" ignored="0" total="1" passed="1">
  <reporter-output>
  </reporter-output>
  <suite name="Default suite" duration-ms="25507" started-at="2021-04-25T00:11:34 CDT" finished-at="2021-04-25T00:12:00 CDT">
    <groups>
    </groups>
    <test name="Default test" duration-ms="25507" started-at="2021-04-25T00:11:34 CDT" finished-at="2021-04-25T00:12:00 CDT">
      <class name="mainPage.mainPageTest">
        <test-method status="PASS" signature="mainPageTest1()[pri:0, instance:mainPage.mainPageTest@1e6d1014]" name="mainPageTest1" duration-ms="23567" started-at="2021-04-25T00:11:34 CDT" finished-at="2021-04-25T00:11:58 CDT">
          <reporter-output>
          </reporter-output>
        </test-method> <!-- mainPageTest1 -->
      </class> <!-- mainPage.mainPageTest -->
    </test> <!-- Default test -->
  </suite> <!-- Default suite -->
</testng-results>
